mode: set
github.com/sudokatie/epoch/internal/server/handler.go:17.69,18.63 1 1
github.com/sudokatie/epoch/internal/server/handler.go:18.63,21.3 2 1
github.com/sudokatie/epoch/internal/server/handler.go:23.2,25.37 3 1
github.com/sudokatie/epoch/internal/server/handler.go:29.70,30.33 1 1
github.com/sudokatie/epoch/internal/server/handler.go:30.33,33.3 2 1
github.com/sudokatie/epoch/internal/server/handler.go:36.2,37.20 2 1
github.com/sudokatie/epoch/internal/server/handler.go:37.20,40.3 2 1
github.com/sudokatie/epoch/internal/server/handler.go:43.2,44.21 2 1
github.com/sudokatie/epoch/internal/server/handler.go:44.21,46.3 1 1
github.com/sudokatie/epoch/internal/server/handler.go:49.2,50.21 2 1
github.com/sudokatie/epoch/internal/server/handler.go:50.21,53.3 2 1
github.com/sudokatie/epoch/internal/server/handler.go:56.2,56.50 1 1
github.com/sudokatie/epoch/internal/server/handler.go:56.50,58.59 1 1
github.com/sudokatie/epoch/internal/server/handler.go:58.59,61.4 2 0
github.com/sudokatie/epoch/internal/server/handler.go:65.2,66.16 2 1
github.com/sudokatie/epoch/internal/server/handler.go:66.16,69.3 2 0
github.com/sudokatie/epoch/internal/server/handler.go:71.2,71.20 1 1
github.com/sudokatie/epoch/internal/server/handler.go:71.20,74.3 2 1
github.com/sudokatie/epoch/internal/server/handler.go:77.2,78.16 2 1
github.com/sudokatie/epoch/internal/server/handler.go:78.16,81.3 2 1
github.com/sudokatie/epoch/internal/server/handler.go:83.2,83.22 1 1
github.com/sudokatie/epoch/internal/server/handler.go:83.22,86.3 2 0
github.com/sudokatie/epoch/internal/server/handler.go:89.2,89.21 1 1
github.com/sudokatie/epoch/internal/server/handler.go:89.21,90.28 1 1
github.com/sudokatie/epoch/internal/server/handler.go:90.28,92.4 1 1
github.com/sudokatie/epoch/internal/server/handler.go:96.2,96.62 1 1
github.com/sudokatie/epoch/internal/server/handler.go:96.62,99.3 2 0
github.com/sudokatie/epoch/internal/server/handler.go:102.2,107.37 5 1
github.com/sudokatie/epoch/internal/server/handler.go:111.70,112.63 1 1
github.com/sudokatie/epoch/internal/server/handler.go:112.63,115.3 2 1
github.com/sudokatie/epoch/internal/server/handler.go:118.2,119.20 2 1
github.com/sudokatie/epoch/internal/server/handler.go:119.20,122.3 2 1
github.com/sudokatie/epoch/internal/server/handler.go:125.2,126.32 2 1
github.com/sudokatie/epoch/internal/server/handler.go:126.32,128.3 1 1
github.com/sudokatie/epoch/internal/server/handler.go:128.8,130.17 2 1
github.com/sudokatie/epoch/internal/server/handler.go:130.17,133.4 2 0
github.com/sudokatie/epoch/internal/server/handler.go:135.3,135.38 1 1
github.com/sudokatie/epoch/internal/server/handler.go:135.38,139.53 2 1
github.com/sudokatie/epoch/internal/server/handler.go:139.53,142.5 2 0
github.com/sudokatie/epoch/internal/server/handler.go:143.4,143.24 1 1
github.com/sudokatie/epoch/internal/server/handler.go:144.9,146.4 1 1
github.com/sudokatie/epoch/internal/server/handler.go:149.2,149.20 1 1
github.com/sudokatie/epoch/internal/server/handler.go:149.20,152.3 2 1
github.com/sudokatie/epoch/internal/server/handler.go:155.2,157.16 3 1
github.com/sudokatie/epoch/internal/server/handler.go:157.16,160.3 2 1
github.com/sudokatie/epoch/internal/server/handler.go:163.2,164.9 2 1
github.com/sudokatie/epoch/internal/server/handler.go:164.9,167.3 2 0
github.com/sudokatie/epoch/internal/server/handler.go:170.2,172.16 3 1
github.com/sudokatie/epoch/internal/server/handler.go:172.16,175.3 2 0
github.com/sudokatie/epoch/internal/server/handler.go:178.2,180.16 3 1
github.com/sudokatie/epoch/internal/server/handler.go:180.16,181.38 1 0
github.com/sudokatie/epoch/internal/server/handler.go:181.38,184.4 2 0
github.com/sudokatie/epoch/internal/server/handler.go:185.3,186.9 2 0
github.com/sudokatie/epoch/internal/server/handler.go:190.2,199.18 6 1
github.com/sudokatie/epoch/internal/server/handler.go:199.18,201.27 2 1
github.com/sudokatie/epoch/internal/server/handler.go:201.27,203.4 1 0
github.com/sudokatie/epoch/internal/server/handler.go:206.2,206.16 1 1
github.com/sudokatie/epoch/internal/server/handler.go:207.13,210.22 3 1
github.com/sudokatie/epoch/internal/server/handler.go:211.10,212.42 1 1
github.com/sudokatie/epoch/internal/server/handler.go:217.74,218.32 1 1
github.com/sudokatie/epoch/internal/server/handler.go:218.32,221.3 2 1
github.com/sudokatie/epoch/internal/server/handler.go:223.2,254.37 5 1
github.com/sudokatie/epoch/internal/server/handler.go:285.62,288.34 2 1
github.com/sudokatie/epoch/internal/server/handler.go:288.34,298.34 3 0
github.com/sudokatie/epoch/internal/server/handler.go:298.34,299.21 1 0
github.com/sudokatie/epoch/internal/server/handler.go:299.21,301.10 2 0
github.com/sudokatie/epoch/internal/server/handler.go:305.3,305.19 1 0
github.com/sudokatie/epoch/internal/server/handler.go:305.19,306.34 1 0
github.com/sudokatie/epoch/internal/server/handler.go:306.34,307.43 1 0
github.com/sudokatie/epoch/internal/server/handler.go:307.43,309.6 1 0
github.com/sudokatie/epoch/internal/server/handler.go:313.3,313.30 1 0
github.com/sudokatie/epoch/internal/server/handler.go:316.2,322.38 2 1
github.com/sudokatie/epoch/internal/server/handler.go:322.38,327.3 1 0
github.com/sudokatie/epoch/internal/server/handler.go:329.2,331.3 1 1
github.com/sudokatie/epoch/internal/server/handler.go:335.50,336.34 1 1
github.com/sudokatie/epoch/internal/server/handler.go:336.34,338.33 1 0
github.com/sudokatie/epoch/internal/server/handler.go:338.33,339.13 1 0
github.com/sudokatie/epoch/internal/server/handler.go:339.13,341.5 1 0
github.com/sudokatie/epoch/internal/server/handler.go:342.4,342.24 1 0
github.com/sudokatie/epoch/internal/server/handler.go:344.3,347.32 2 0
github.com/sudokatie/epoch/internal/server/handler.go:347.32,348.28 1 0
github.com/sudokatie/epoch/internal/server/handler.go:348.28,349.14 1 0
github.com/sudokatie/epoch/internal/server/handler.go:349.14,351.6 1 0
github.com/sudokatie/epoch/internal/server/handler.go:352.5,352.41 1 0
github.com/sudokatie/epoch/internal/server/handler.go:354.4,354.25 1 0
github.com/sudokatie/epoch/internal/server/handler.go:360.43,361.25 1 0
github.com/sudokatie/epoch/internal/server/handler.go:362.14,363.28 1 0
github.com/sudokatie/epoch/internal/server/handler.go:364.13,365.36 1 0
github.com/sudokatie/epoch/internal/server/handler.go:366.11,367.27 1 0
github.com/sudokatie/epoch/internal/server/handler.go:368.15,369.47 1 0
github.com/sudokatie/epoch/internal/server/handler.go:370.12,371.33 1 0
github.com/sudokatie/epoch/internal/server/handler.go:372.11,373.12 1 0
github.com/sudokatie/epoch/internal/server/handler.go:374.10,375.12 1 0
github.com/sudokatie/epoch/internal/server/handler.go:381.53,382.19 1 1
github.com/sudokatie/epoch/internal/server/handler.go:383.17,384.11 1 1
github.com/sudokatie/epoch/internal/server/handler.go:385.23,386.14 1 1
github.com/sudokatie/epoch/internal/server/handler.go:387.12,388.17 1 1
github.com/sudokatie/epoch/internal/server/handler.go:389.11,390.20 1 1
github.com/sudokatie/epoch/internal/server/handler.go:391.10,392.11 1 1
github.com/sudokatie/epoch/internal/server/http.go:52.29,63.2 1 1
github.com/sudokatie/epoch/internal/server/http.go:66.66,69.16 2 1
github.com/sudokatie/epoch/internal/server/http.go:69.16,71.3 1 1
github.com/sudokatie/epoch/internal/server/http.go:72.2,72.16 1 1
github.com/sudokatie/epoch/internal/server/http.go:72.16,74.3 1 1
github.com/sudokatie/epoch/internal/server/http.go:75.2,79.29 3 1
github.com/sudokatie/epoch/internal/server/http.go:79.29,81.3 1 1
github.com/sudokatie/epoch/internal/server/http.go:82.2,82.30 1 1
github.com/sudokatie/epoch/internal/server/http.go:82.30,84.3 1 1
github.com/sudokatie/epoch/internal/server/http.go:85.2,85.30 1 1
github.com/sudokatie/epoch/internal/server/http.go:85.30,87.3 1 1
github.com/sudokatie/epoch/internal/server/http.go:88.2,88.29 1 1
github.com/sudokatie/epoch/internal/server/http.go:88.29,90.3 1 1
github.com/sudokatie/epoch/internal/server/http.go:92.2,98.49 2 1
github.com/sudokatie/epoch/internal/server/http.go:114.89,138.2 5 1
github.com/sudokatie/epoch/internal/server/http.go:141.35,147.2 5 1
github.com/sudokatie/epoch/internal/server/http.go:150.68,157.26 4 1
github.com/sudokatie/epoch/internal/server/http.go:157.26,159.16 2 0
github.com/sudokatie/epoch/internal/server/http.go:159.16,161.4 1 0
github.com/sudokatie/epoch/internal/server/http.go:165.2,165.44 1 1
github.com/sudokatie/epoch/internal/server/http.go:165.44,168.3 2 1
github.com/sudokatie/epoch/internal/server/http.go:169.2,172.23 2 1
github.com/sudokatie/epoch/internal/server/http.go:176.32,179.2 2 0
github.com/sudokatie/epoch/internal/server/http.go:182.41,184.2 1 0
github.com/sudokatie/epoch/internal/server/http.go:187.59,190.2 2 0
github.com/sudokatie/epoch/internal/server/http.go:193.54,196.2 2 0
github.com/sudokatie/epoch/internal/server/http.go:199.35,211.2 3 1
github.com/sudokatie/epoch/internal/server/http.go:215.78,220.53 4 1
github.com/sudokatie/epoch/internal/server/http.go:220.53,222.3 1 0
github.com/sudokatie/epoch/internal/server/http.go:225.80,231.2 4 1
github.com/sudokatie/epoch/internal/server/http.go:233.101,235.2 1 1
